Using pre-set license
Built from '2020.3/staging' branch; Version is '2020.3.8f1 (507919d4fff5) revision 5273881'; Using compiler version '192528614'; Build Type 'Release'
OS: 'Windows 10 Pro; OS build 19042.1237; Version 2009; 64bit' Language: 'en' Physical Memory: 49069 MB
BatchMode: 1, IsHumanControllingUs: 0, StartBugReporterOnCrash: 0, Is64bit: 1, IsPro: 0

 COMMAND LINE ARGUMENTS:
C:\Program Files\Unity\Hub\Editor\2020.3.8f1\Editor\Unity.exe
-adb2
-batchMode
-noUpm
-name
AssetImportWorker0
-projectPath
G:/Unity/GitHub/CS/SEPT21-XRDEV-AN-Final-Project/Falling With Style
-logFile
Logs/AssetImportWorker0.log
-srvPort
62700
Successfully changed project path to: G:/Unity/GitHub/CS/SEPT21-XRDEV-AN-Final-Project/Falling With Style
G:/Unity/GitHub/CS/SEPT21-XRDEV-AN-Final-Project/Falling With Style
Using Asset Import Pipeline V2.
Refreshing native plugins compatible for Editor in 28.57 ms, found 0 plugins.
Preloading 0 native plugins for Editor in 0.00 ms.
Initialize engine version: 2020.3.8f1 (507919d4fff5)
[Subsystems] Discovering subsystems at path C:/Program Files/Unity/Hub/Editor/2020.3.8f1/Editor/Data/Resources/UnitySubsystems
[Subsystems] Discovering subsystems at path G:/Unity/GitHub/CS/SEPT21-XRDEV-AN-Final-Project/Falling With Style/Assets
GfxDevice: creating device client; threaded=0
Direct3D:
    Version:  Direct3D 11.0 [level 11.1]
    Renderer: NVIDIA GeForce RTX 3060 Ti (ID=0x2486)
    Vendor:   
    VRAM:     8050 MB
    Driver:   27.21.14.6140
Initialize mono
Mono path[0] = 'C:/Program Files/Unity/Hub/Editor/2020.3.8f1/Editor/Data/Managed'
Mono path[1] = 'C:/Program Files/Unity/Hub/Editor/2020.3.8f1/Editor/Data/MonoBleedingEdge/lib/mono/unityjit'
Mono config path = 'C:/Program Files/Unity/Hub/Editor/2020.3.8f1/Editor/Data/MonoBleedingEdge/etc'
Using monoOptions --debugger-agent=transport=dt_socket,embedding=1,server=y,suspend=n,address=127.0.0.1:56508
Begin MonoManager ReloadAssembly
Registering precompiled unity dll's ...
Register platform support module: C:/Program Files/Unity/Hub/Editor/2020.3.8f1/Editor/Data/PlaybackEngines/WebGLSupport/UnityEditor.WebGL.Extensions.dll
Register platform support module: C:/Program Files/Unity/Hub/Editor/2020.3.8f1/Editor/Data/PlaybackEngines/WindowsStandaloneSupport/UnityEditor.WindowsStandalone.Extensions.dll
Registered in 0.003014 seconds.
Native extension for WindowsStandalone target not found
Native extension for WebGL target not found
Refreshing native plugins compatible for Editor in 28.56 ms, found 0 plugins.
Preloading 0 native plugins for Editor in 0.00 ms.
Mono: successfully reloaded assembly
- Completed reload, in  2.527 seconds
Platform modules already initialized, skipping
Registering precompiled user dll's ...
Registered in 0.000650 seconds.
Begin MonoManager ReloadAssembly
Native extension for WindowsStandalone target not found
Native extension for WebGL target not found
Refreshing native plugins compatible for Editor in 0.29 ms, found 0 plugins.
Preloading 0 native plugins for Editor in 0.00 ms.
Mono: successfully reloaded assembly
- Completed reload, in  1.194 seconds
Platform modules already initialized, skipping
========================================================================
Worker process is ready to serve import requests
Launched and connected shader compiler UnityShaderCompiler.exe after 0.08 seconds
Refreshing native plugins compatible for Editor in 0.19 ms, found 0 plugins.
Preloading 0 native plugins for Editor in 0.00 ms.
Unloading 1115 Unused Serialized files (Serialized files now loaded: 0)
System memory in use before: 57.1 MB.
System memory in use after: 57.1 MB.

Unloading 10 unused Assets to reduce memory usage. Loaded Objects now: 1557.
Total: 6.600400 ms (FindLiveObjects: 0.345500 ms CreateObjectMapping: 0.060500 ms MarkObjects: 6.122400 ms  DeleteObjects: 0.070800 ms)

========================================================================
Received Import Request.
  path: Assets
  artifactKey: Guid(00000000000000001000000000000000) Importer(815301076,1909f56bfc062723c751e8b465ee728b)
Start importing Assets using Guid(00000000000000001000000000000000) Importer(815301076,1909f56bfc062723c751e8b465ee728b)  -> (artifact id: '42d402b061de3733987d63b9cc3b64de') in 0.030232 seconds
  Import took 0.066393 seconds .

========================================================================
Received Import Request.
  Time since last request: 0.827021 seconds.
  path: Assets/3rd party
  artifactKey: Guid(cd0c1620595d3fb4bb14d4fe18f71461) Importer(815301076,1909f56bfc062723c751e8b465ee728b)
Start importing Assets/3rd party using Guid(cd0c1620595d3fb4bb14d4fe18f71461) Importer(815301076,1909f56bfc062723c751e8b465ee728b)  -> (artifact id: '18b93303f17b27786f31a3f4a004f73d') in 0.014971 seconds
  Import took 0.045554 seconds .

========================================================================
Received Import Request.
  Time since last request: 388.309337 seconds.
  path: Assets/3rd party/Airliner/scenes
  artifactKey: Guid(67624d6e587b8eb42984b8edcac91846) Importer(815301076,1909f56bfc062723c751e8b465ee728b)
Start importing Assets/3rd party/Airliner/scenes using Guid(67624d6e587b8eb42984b8edcac91846) Importer(815301076,1909f56bfc062723c751e8b465ee728b)  -> (artifact id: 'd10069ca4aa0550d992bf38e3a08212e') in 0.020416 seconds
  Import took 0.025456 seconds .

========================================================================
Received Import Request.
  Time since last request: 0.792025 seconds.
  path: Assets/3rd party/Airliner/scenes/airliner.unity
  artifactKey: Guid(f8b711f4d46124740af98c7d33686d65) Importer(815301076,1909f56bfc062723c751e8b465ee728b)
Start importing Assets/3rd party/Airliner/scenes/airliner.unity using Guid(f8b711f4d46124740af98c7d33686d65) Importer(815301076,1909f56bfc062723c751e8b465ee728b)  -> (artifact id: 'a3fd29dfcbfedf0d429a03883f4c0335') in 0.121105 seconds
  Import took 0.123292 seconds .

========================================================================
Received Import Request.
  Time since last request: 128.394908 seconds.
  path: Assets/3rd party/Airliner/Airliner.prefab
  artifactKey: Guid(310197e4062652140963da611f404f33) Importer(815301076,1909f56bfc062723c751e8b465ee728b)
Start importing Assets/3rd party/Airliner/Airliner.prefab using Guid(310197e4062652140963da611f404f33) Importer(815301076,1909f56bfc062723c751e8b465ee728b)  -> (artifact id: '18e10eac1e686a12e85865a0111321d8') in 2.020931 seconds
  Import took 2.096425 seconds .

========================================================================
Received Prepare
Registering precompiled user dll's ...
Registered in 0.001860 seconds.
Begin MonoManager ReloadAssembly
Native extension for WindowsStandalone target not found
Native extension for WebGL target not found
Refreshing native plugins compatible for Editor in 0.52 ms, found 3 plugins.
Preloading 0 native plugins for Editor in 0.00 ms.
Mono: successfully reloaded assembly
- Completed reload, in  1.749 seconds
Platform modules already initialized, skipping
Refreshing native plugins compatible for Editor in 0.83 ms, found 3 plugins.
Preloading 0 native plugins for Editor in 0.00 ms.
Unloading 1498 Unused Serialized files (Serialized files now loaded: 0)
System memory in use before: 80.0 MB.
System memory in use after: 80.1 MB.

Unloading 3 unused Assets to reduce memory usage. Loaded Objects now: 1952.
Total: 12.001300 ms (FindLiveObjects: 0.199200 ms CreateObjectMapping: 0.389500 ms MarkObjects: 11.319700 ms  DeleteObjects: 0.091000 ms)

AssetImportWorkerClient::OnTransportError - code=2 error=End of file
